<?xml version="1.0" encoding="UTF-8"?>
<databaseChangeLog
        xmlns="http://www.liquibase.org/xml/ns/dbchangelog"
        xmlns:xsi="http://www.w3.org/2001/XMLSchema-instance"
        xsi:schemaLocation="http://www.liquibase.org/xml/ns/dbchangelog http://www.liquibase.org/xml/ns/dbchangelog/dbchangelog-latest.xsd">

    <include file="migrations/changelog.xml" />

    <changeSet id="test-data" author="vspasic">
        <sqlFile path="data/users.sql" />
        <sqlFile path="data/namespaces.sql" />
        <sqlFile path="data/registry.sql" />
		<sqlFile path="data/integrations.sql" />
    </changeSet>

</databaseChangeLog>
