<?xml version="1.0" encoding="UTF-8"?>
<databaseChangeLog
		xmlns="http://www.liquibase.org/xml/ns/dbchangelog"
		xmlns:xsi="http://www.w3.org/2001/XMLSchema-instance"
		xsi:schemaLocation="http://www.liquibase.org/xml/ns/dbchangelog http://www.liquibase.org/xml/ns/dbchangelog/dbchangelog-latest.xsd">

	<changeSet author="vspasic" id="create-testing-table">
		<preConditions onFail="MARK_RAN">
			<not>
				<tableExists tableName="testing_table"/>
			</not>
		</preConditions>

		<createTable tableName="testing_table">
			<column name="id" type="bigint" />
			<column name="status" type="VARCHAR(64)" />
			<column name="timestamp" type="timestamptz"/>
		</createTable>
	</changeSet>

</databaseChangeLog>
